<?xml version="1.0" encoding="UTF-8"?>
<!-- Generated by org.testng.reporters.JUnitReportReporter -->
<testsuite skipped="0" hostname="LAPTOP-1AEUC6QJ" name="com.autoprac.testscripts.Partice" tests="1" failures="0" timestamp="28 May 2020 10:37:30 GMT" time="0.004" errors="0">
  <testcase name="tab" time="0.004" classname="com.autoprac.testscripts.Partice"/>
</testsuite> <!-- com.autoprac.testscripts.Partice -->
